# JRE version: OpenJDK Runtime Environment (25.0.2) (build 25.0.2)
# Java VM: OpenJDK 64-Bit Server VM (25.0.2, mixed mode, sharing, tiered, compressed oops, compressed class ptrs, g1 gc, linux-amd64)
GC Precious Log:
 CardTable entry size: 512
 Card Set container configuration: InlinePtr #cards 4 size 8 Array Of Cards #cards 32 size 80 Howl #buckets 8 coarsen threshold 7372 Howl Bitmap #cards 1024 size 144 coarsen threshold 921 Card regions per heap region 1 cards per card region 8192
 CPUs: 32 total, 32 available
 Memory: 31823M
 Large Page Support: Disabled
 NUMA Support: Disabled
 Compressed Oops: Enabled (Zero based)
 Heap Region Size: 4M
 Heap Min Capacity: 8M
 Heap Initial Capacity: 500M
 Heap Max Capacity: 7956M
 Pre-touch: Disabled
 Parallel Workers: 23
 Concurrent Workers: 6
 Concurrent Refinement Workers: 23
 Periodic GC: Disabled
Heap:
 garbage-first heap   total reserved 8146944K, committed 147456K, used 61684K [0x000000060ec00000, 0x0000000800000000)
  region size 4096K, 6 young (24576K), 3 survivors (12288K)
GC Heap Usage History (12 events):
Event: 0.262 {heap Before GC invocations=0 (full 0):
 garbage-first heap   total reserved 8146944K, committed 516096K, used 50307K [0x000000060ec00000, 0x0000000800000000)
  region size 4096K, 12 young (49152K), 0 survivors (0K)
}
Event: 0.265 {heap After GC invocations=1 (full 0):
 garbage-first heap   total reserved 8146944K, committed 516096K, used 6049K [0x000000060ec00000, 0x0000000800000000)
  region size 4096K, 2 young (8192K), 2 survivors (8192K)
}
Event: 0.752 {heap Before GC invocations=1 (full 0):
 garbage-first heap   total reserved 8146944K, committed 516096K, used 186273K [0x000000060ec00000, 0x0000000800000000)
  region size 4096K, 40 young (163840K), 2 survivors (8192K)
}
Event: 0.758 {heap After GC invocations=2 (full 0):
 garbage-first heap   total reserved 8146944K, committed 516096K, used 24885K [0x000000060ec00000, 0x0000000800000000)
  region size 4096K, 6 young (24576K), 6 survivors (24576K)
}
Event: 0.949 {heap Before GC invocations=3 (full 0):
 garbage-first heap   total reserved 8146944K, committed 98304K, used 94517K [0x000000060ec00000, 0x0000000800000000)
  region size 4096K, 23 young (94208K), 6 survivors (24576K)
}
Event: 0.956 {heap After GC invocations=4 (full 0):
 garbage-first heap   total reserved 8146944K, committed 147456K, used 43656K [0x000000060ec00000, 0x0000000800000000)
  region size 4096K, 6 young (24576K), 6 survivors (24576K)
}
Event: 1.091 {heap Before GC invocations=4 (full 0):
 garbage-first heap   total reserved 8146944K, committed 147456K, used 96904K [0x000000060ec00000, 0x0000000800000000)
  region size 4096K, 19 young (77824K), 6 survivors (24576K)
}
Event: 1.096 {heap After GC invocations=5 (full 0):
 garbage-first heap   total reserved 8146944K, committed 147456K, used 46107K [0x000000060ec00000, 0x0000000800000000)
  region size 4096K, 1 young (4096K), 1 survivors (4096K)
}
Event: 1.228 {heap Before GC invocations=5 (full 0):
 garbage-first heap   total reserved 8146944K, committed 147456K, used 103451K [0x000000060ec00000, 0x0000000800000000)
  region size 4096K, 15 young (61440K), 1 survivors (4096K)
}
Event: 1.230 {heap After GC invocations=6 (full 0):
 garbage-first heap   total reserved 8146944K, committed 147456K, used 46405K [0x000000060ec00000, 0x0000000800000000)
  region size 4096K, 2 young (8192K), 2 survivors (8192K)
}
Event: 1.374 {heap Before GC invocations=6 (full 0):
 garbage-first heap   total reserved 8146944K, committed 147456K, used 107845K [0x000000060ec00000, 0x0000000800000000)
  region size 4096K, 17 young (69632K), 2 survivors (8192K)
}
Event: 1.378 {heap After GC invocations=7 (full 0):
 garbage-first heap   total reserved 8146944K, committed 147456K, used 53492K [0x000000060ec00000, 0x0000000800000000)
  region size 4096K, 3 young (12288K), 3 survivors (12288K)
}

